## Footprint report - date 2023 August 06, Sunday 23:53:20
## Created by KiCad version 7.0.1-0
## Unit = mm, Angle = deg.

$BeginDESCRIPTION

$BOARD
upper_left_corner 100.950000 24.950000
lower_right_corner 235.050000 145.050000
$EndBOARD

$MODULE C1
footprint Capacitor_SMD:C_0603_1608Metric
attribut smd
position 207.518000 66.462000  orientation 180.00
layer front
$PAD "1"
Shape Roundrect Layer front
position -0.775000  0.000000  size  0.900000  0.950000  orientation 0.00
drill  0.000000
shape_offset  0.000000  0.000000
$EndPAD
$PAD "2"
Shape Roundrect Layer front
position  0.775000  0.000000  size  0.900000  0.950000  orientation 0.00
drill  0.000000
shape_offset  0.000000  0.000000
$EndPAD
$EndMODULE  C1

$MODULE C2
footprint Capacitor_SMD:C_0603_1608Metric
attribut smd
position 214.226398 89.662000  orientation -90.00
layer front
$PAD "1"
Shape Roundrect Layer front
position -0.775000  0.000000  size  0.900000  0.950000  orientation 360.00
drill  0.000000
shape_offset  0.000000  0.000000
$EndPAD
$PAD "2"
Shape Roundrect Layer front
position  0.775000  0.000000  size  0.900000  0.950000  orientation 360.00
drill  0.000000
shape_offset  0.000000  0.000000
$EndPAD
$EndMODULE  C2

$MODULE C3
footprint Capacitor_SMD:C_0603_1608Metric
attribut smd
position 193.548000 89.662000  orientation -90.00
layer front
$PAD "1"
Shape Roundrect Layer front
position -0.775000  0.000000  size  0.900000  0.950000  orientation 360.00
drill  0.000000
shape_offset  0.000000  0.000000
$EndPAD
$PAD "2"
Shape Roundrect Layer front
position  0.775000  0.000000  size  0.900000  0.950000  orientation 360.00
drill  0.000000
shape_offset  0.000000  0.000000
$EndPAD
$EndMODULE  C3

$MODULE C4
footprint Capacitor_SMD:C_0805_2012Metric
attribut smd
position 216.293200 39.471600  orientation 0.00
layer front
$PAD "1"
Shape Roundrect Layer front
position -0.950000  0.000000  size  1.000000  1.450000  orientation 0.00
drill  0.000000
shape_offset  0.000000  0.000000
$EndPAD
$PAD "2"
Shape Roundrect Layer front
position  0.950000  0.000000  size  1.000000  1.450000  orientation 0.00
drill  0.000000
shape_offset  0.000000  0.000000
$EndPAD
$EndMODULE  C4

$MODULE C5
footprint Capacitor_SMD:C_0603_1608Metric
attribut smd
position 108.655250 94.478000  orientation 180.00
layer front
$PAD "1"
Shape Roundrect Layer front
position -0.775000  0.000000  size  0.900000  0.950000  orientation 0.00
drill  0.000000
shape_offset  0.000000  0.000000
$EndPAD
$PAD "2"
Shape Roundrect Layer front
position  0.775000  0.000000  size  0.900000  0.950000  orientation 0.00
drill  0.000000
shape_offset  0.000000  0.000000
$EndPAD
$EndMODULE  C5

$MODULE C6
footprint Capacitor_SMD:C_0603_1608Metric
attribut smd
position 108.966000 112.776000  orientation -90.00
layer front
$PAD "1"
Shape Roundrect Layer front
position -0.775000  0.000000  size  0.900000  0.950000  orientation 360.00
drill  0.000000
shape_offset  0.000000  0.000000
$EndPAD
$PAD "2"
Shape Roundrect Layer front
position  0.775000  0.000000  size  0.900000  0.950000  orientation 360.00
drill  0.000000
shape_offset  0.000000  0.000000
$EndPAD
$EndMODULE  C6

$MODULE C7
footprint Capacitor_SMD:C_0603_1608Metric
attribut smd
position 132.689600 92.710000  orientation 180.00
layer front
$PAD "1"
Shape Roundrect Layer front
position -0.775000  0.000000  size  0.900000  0.950000  orientation 0.00
drill  0.000000
shape_offset  0.000000  0.000000
$EndPAD
$PAD "2"
Shape Roundrect Layer front
position  0.775000  0.000000  size  0.900000  0.950000  orientation 0.00
drill  0.000000
shape_offset  0.000000  0.000000
$EndPAD
$EndMODULE  C7

$MODULE D1
footprint Diode_SMD:DIOM5336X244N
attribut smd
position 187.960000 113.487200  orientation -90.00
layer front
$PAD "1"
Shape Rect Layer front
position -2.150000  0.000000  size  2.050000  2.250000  orientation 90.00
drill  0.000000
shape_offset  0.000000  0.000000
$EndPAD
$PAD "2"
Shape Rect Layer front
position  2.150000  0.000000  size  2.050000  2.250000  orientation 90.00
drill  0.000000
shape_offset  0.000000  0.000000
$EndPAD
$EndMODULE  D1

$MODULE D2
footprint LED_SMD:LED_0805_2012Metric
attribut smd
position 118.936624 35.378780  orientation 0.00
layer front
$PAD "1"
Shape Roundrect Layer front
position -0.937500  0.000000  size  0.975000  1.400000  orientation 0.00
drill  0.000000
shape_offset  0.000000  0.000000
$EndPAD
$PAD "2"
Shape Roundrect Layer front
position  0.937500  0.000000  size  0.975000  1.400000  orientation 0.00
drill  0.000000
shape_offset  0.000000  0.000000
$EndPAD
$EndMODULE  D2

$MODULE D3
footprint LED_SMD:LED_0805_2012Metric
attribut smd
position 118.947250 38.321652  orientation 0.00
layer front
$PAD "1"
Shape Roundrect Layer front
position -0.937500  0.000000  size  0.975000  1.400000  orientation 0.00
drill  0.000000
shape_offset  0.000000  0.000000
$EndPAD
$PAD "2"
Shape Roundrect Layer front
position  0.937500  0.000000  size  0.975000  1.400000  orientation 0.00
drill  0.000000
shape_offset  0.000000  0.000000
$EndPAD
$EndMODULE  D3

$MODULE D4
footprint LED_SMD:LED_0805_2012Metric
attribut smd
position 118.977808 41.102465  orientation 0.00
layer front
$PAD "1"
Shape Roundrect Layer front
position -0.937500  0.000000  size  0.975000  1.400000  orientation 0.00
drill  0.000000
shape_offset  0.000000  0.000000
$EndPAD
$PAD "2"
Shape Roundrect Layer front
position  0.937500  0.000000  size  0.975000  1.400000  orientation 0.00
drill  0.000000
shape_offset  0.000000  0.000000
$EndPAD
$EndMODULE  D4

$MODULE D5
footprint LED_SMD:LED_0805_2012Metric
attribut smd
position 118.967215 43.942000  orientation 0.00
layer front
$PAD "1"
Shape Roundrect Layer front
position -0.937500  0.000000  size  0.975000  1.400000  orientation 0.00
drill  0.000000
shape_offset  0.000000  0.000000
$EndPAD
$PAD "2"
Shape Roundrect Layer front
position  0.937500  0.000000  size  0.975000  1.400000  orientation 0.00
drill  0.000000
shape_offset  0.000000  0.000000
$EndPAD
$EndMODULE  D5

$MODULE D6
footprint LED_SMD:LED_0805_2012Metric
attribut smd
position 118.893163 32.258908  orientation 0.00
layer front
$PAD "1"
Shape Roundrect Layer front
position -0.937500  0.000000  size  0.975000  1.400000  orientation 0.00
drill  0.000000
shape_offset  0.000000  0.000000
$EndPAD
$PAD "2"
Shape Roundrect Layer front
position  0.937500  0.000000  size  0.975000  1.400000  orientation 0.00
drill  0.000000
shape_offset  0.000000  0.000000
$EndPAD
$EndMODULE  D6

$MODULE D7
footprint LED_SMD:LED_0805_2012Metric
attribut smd
position 119.010522 46.825148  orientation 0.00
layer front
$PAD "1"
Shape Roundrect Layer front
position -0.937500  0.000000  size  0.975000  1.400000  orientation 0.00
drill  0.000000
shape_offset  0.000000  0.000000
$EndPAD
$PAD "2"
Shape Roundrect Layer front
position  0.937500  0.000000  size  0.975000  1.400000  orientation 0.00
drill  0.000000
shape_offset  0.000000  0.000000
$EndPAD
$EndMODULE  D7

$MODULE D8
footprint LED_SMD:LED_0805_2012Metric
attribut smd
position 119.087951 49.913910  orientation 0.00
layer front
$PAD "1"
Shape Roundrect Layer front
position -0.937500  0.000000  size  0.975000  1.400000  orientation 0.00
drill  0.000000
shape_offset  0.000000  0.000000
$EndPAD
$PAD "2"
Shape Roundrect Layer front
position  0.937500  0.000000  size  0.975000  1.400000  orientation 0.00
drill  0.000000
shape_offset  0.000000  0.000000
$EndPAD
$EndMODULE  D8

$MODULE G***
footprint LOGO
attribut virtual
position 164.287200 114.452400  orientation 0.00
layer front
$EndMODULE  G***

$MODULE G***
footprint Connector:chademo-logo-10x10
attribut virtual
position 193.040000 49.784000  orientation 0.00
layer front
$EndMODULE  G***

$MODULE H1
footprint MountingHole:MountingHole_3.2mm_M3_DIN965_Pad
attribut virtual
position 105.796570 39.114133  orientation 0.00
layer front
$PAD "1"
Shape Circle Layer both
position  0.000000  0.000000  size  5.600000  5.600000  orientation 0.00
drill  3.200000
shape_offset  0.000000  0.000000
$EndPAD
$EndMODULE  H1

$MODULE H2
footprint MountingHole:MountingHole_3.2mm_M3_DIN965_Pad
attribut virtual
position 229.870000 39.114133  orientation 0.00
layer front
$PAD "1"
Shape Circle Layer both
position  0.000000  0.000000  size  5.600000  5.600000  orientation 0.00
drill  3.200000
shape_offset  0.000000  0.000000
$EndPAD
$EndMODULE  H2

$MODULE IC1
footprint Library:SOP65P490X110-8N
attribut smd
position 213.083000 62.230000  orientation 90.00
layer front
$PAD "1"
Shape Rect Layer front
position -2.200000 -0.975000  size  0.450000  1.400000  orientation 90.00
drill  0.000000
shape_offset  0.000000  0.000000
$EndPAD
$PAD "2"
Shape Rect Layer front
position -2.200000 -0.325000  size  0.450000  1.400000  orientation 90.00
drill  0.000000
shape_offset  0.000000  0.000000
$EndPAD
$PAD "3"
Shape Rect Layer front
position -2.200000  0.325000  size  0.450000  1.400000  orientation 90.00
drill  0.000000
shape_offset  0.000000  0.000000
$EndPAD
$PAD "4"
Shape Rect Layer front
position -2.200000  0.975000  size  0.450000  1.400000  orientation 90.00
drill  0.000000
shape_offset  0.000000  0.000000
$EndPAD
$PAD "5"
Shape Rect Layer front
position  2.200000  0.975000  size  0.450000  1.400000  orientation 90.00
drill  0.000000
shape_offset  0.000000  0.000000
$EndPAD
$PAD "6"
Shape Rect Layer front
position  2.200000  0.325000  size  0.450000  1.400000  orientation 90.00
drill  0.000000
shape_offset  0.000000  0.000000
$EndPAD
$PAD "7"
Shape Rect Layer front
position  2.200000 -0.325000  size  0.450000  1.400000  orientation 90.00
drill  0.000000
shape_offset  0.000000  0.000000
$EndPAD
$PAD "8"
Shape Rect Layer front
position  2.200000 -0.975000  size  0.450000  1.400000  orientation 90.00
drill  0.000000
shape_offset  0.000000  0.000000
$EndPAD
$EndMODULE  IC1

$MODULE IC2
footprint Library:SOP65P640X120-20N
attribut smd
position 201.509200 91.651600  orientation 90.00
layer front
$PAD "1"
Shape Rect Layer front
position -2.938000 -2.925000  size  0.450000  1.475000  orientation 90.00
drill  0.000000
shape_offset  0.000000  0.000000
$EndPAD
$PAD "2"
Shape Rect Layer front
position -2.938000 -2.275000  size  0.450000  1.475000  orientation 90.00
drill  0.000000
shape_offset  0.000000  0.000000
$EndPAD
$PAD "3"
Shape Rect Layer front
position -2.938000 -1.625000  size  0.450000  1.475000  orientation 90.00
drill  0.000000
shape_offset  0.000000  0.000000
$EndPAD
$PAD "4"
Shape Rect Layer front
position -2.938000 -0.975000  size  0.450000  1.475000  orientation 90.00
drill  0.000000
shape_offset  0.000000  0.000000
$EndPAD
$PAD "5"
Shape Rect Layer front
position -2.938000 -0.325000  size  0.450000  1.475000  orientation 90.00
drill  0.000000
shape_offset  0.000000  0.000000
$EndPAD
$PAD "6"
Shape Rect Layer front
position -2.938000  0.325000  size  0.450000  1.475000  orientation 90.00
drill  0.000000
shape_offset  0.000000  0.000000
$EndPAD
$PAD "7"
Shape Rect Layer front
position -2.938000  0.975000  size  0.450000  1.475000  orientation 90.00
drill  0.000000
shape_offset  0.000000  0.000000
$EndPAD
$PAD "8"
Shape Rect Layer front
position -2.938000  1.625000  size  0.450000  1.475000  orientation 90.00
drill  0.000000
shape_offset  0.000000  0.000000
$EndPAD
$PAD "9"
Shape Rect Layer front
position -2.938000  2.275000  size  0.450000  1.475000  orientation 90.00
drill  0.000000
shape_offset  0.000000  0.000000
$EndPAD
$PAD "10"
Shape Rect Layer front
position -2.938000  2.925000  size  0.450000  1.475000  orientation 90.00
drill  0.000000
shape_offset  0.000000  0.000000
$EndPAD
$PAD "11"
Shape Rect Layer front
position  2.938000  2.925000  size  0.450000  1.475000  orientation 90.00
drill  0.000000
shape_offset  0.000000  0.000000
$EndPAD
$PAD "12"
Shape Rect Layer front
position  2.938000  2.275000  size  0.450000  1.475000  orientation 90.00
drill  0.000000
shape_offset  0.000000  0.000000
$EndPAD
$PAD "13"
Shape Rect Layer front
position  2.938000  1.625000  size  0.450000  1.475000  orientation 90.00
drill  0.000000
shape_offset  0.000000  0.000000
$EndPAD
$PAD "14"
Shape Rect Layer front
position  2.938000  0.975000  size  0.450000  1.475000  orientation 90.00
drill  0.000000
shape_offset  0.000000  0.000000
$EndPAD
$PAD "15"
Shape Rect Layer front
position  2.938000  0.325000  size  0.450000  1.475000  orientation 90.00
drill  0.000000
shape_offset  0.000000  0.000000
$EndPAD
$PAD "16"
Shape Rect Layer front
position  2.938000 -0.325000  size  0.450000  1.475000  orientation 90.00
drill  0.000000
shape_offset  0.000000  0.000000
$EndPAD
$PAD "17"
Shape Rect Layer front
position  2.938000 -0.975000  size  0.450000  1.475000  orientation 90.00
drill  0.000000
shape_offset  0.000000  0.000000
$EndPAD
$PAD "18"
Shape Rect Layer front
position  2.938000 -1.625000  size  0.450000  1.475000  orientation 90.00
drill  0.000000
shape_offset  0.000000  0.000000
$EndPAD
$PAD "19"
Shape Rect Layer front
position  2.938000 -2.275000  size  0.450000  1.475000  orientation 90.00
drill  0.000000
shape_offset  0.000000  0.000000
$EndPAD
$PAD "20"
Shape Rect Layer front
position  2.938000 -2.925000  size  0.450000  1.475000  orientation 90.00
drill  0.000000
shape_offset  0.000000  0.000000
$EndPAD
$EndMODULE  IC2

$MODULE IC3
footprint Package_SO:SOIC-8_3.9x4.9mm_P1.27mm
attribut smd
position 201.168000 104.125800  orientation -90.00
layer front
$PAD "1"
Shape Roundrect Layer front
position -2.475000 -1.905000  size  1.950000  0.600000  orientation 360.00
drill  0.000000
shape_offset  0.000000  0.000000
$EndPAD
$PAD "2"
Shape Roundrect Layer front
position -2.475000 -0.635000  size  1.950000  0.600000  orientation 360.00
drill  0.000000
shape_offset  0.000000  0.000000
$EndPAD
$PAD "3"
Shape Roundrect Layer front
position -2.475000  0.635000  size  1.950000  0.600000  orientation 360.00
drill  0.000000
shape_offset  0.000000  0.000000
$EndPAD
$PAD "4"
Shape Roundrect Layer front
position -2.475000  1.905000  size  1.950000  0.600000  orientation 360.00
drill  0.000000
shape_offset  0.000000  0.000000
$EndPAD
$PAD "5"
Shape Roundrect Layer front
position  2.475000  1.905000  size  1.950000  0.600000  orientation 360.00
drill  0.000000
shape_offset  0.000000  0.000000
$EndPAD
$PAD "6"
Shape Roundrect Layer front
position  2.475000  0.635000  size  1.950000  0.600000  orientation 360.00
drill  0.000000
shape_offset  0.000000  0.000000
$EndPAD
$PAD "7"
Shape Roundrect Layer front
position  2.475000 -0.635000  size  1.950000  0.600000  orientation 360.00
drill  0.000000
shape_offset  0.000000  0.000000
$EndPAD
$PAD "8"
Shape Roundrect Layer front
position  2.475000 -1.905000  size  1.950000  0.600000  orientation 360.00
drill  0.000000
shape_offset  0.000000  0.000000
$EndPAD
$EndMODULE  IC3

$MODULE IC4
footprint Library:SOP65P640X120-20N
attribut smd
position 220.381598 91.715400  orientation 90.00
layer front
$PAD "1"
Shape Rect Layer front
position -2.938000 -2.925000  size  0.450000  1.475000  orientation 90.00
drill  0.000000
shape_offset  0.000000  0.000000
$EndPAD
$PAD "2"
Shape Rect Layer front
position -2.938000 -2.275000  size  0.450000  1.475000  orientation 90.00
drill  0.000000
shape_offset  0.000000  0.000000
$EndPAD
$PAD "3"
Shape Rect Layer front
position -2.938000 -1.625000  size  0.450000  1.475000  orientation 90.00
drill  0.000000
shape_offset  0.000000  0.000000
$EndPAD
$PAD "4"
Shape Rect Layer front
position -2.938000 -0.975000  size  0.450000  1.475000  orientation 90.00
drill  0.000000
shape_offset  0.000000  0.000000
$EndPAD
$PAD "5"
Shape Rect Layer front
position -2.938000 -0.325000  size  0.450000  1.475000  orientation 90.00
drill  0.000000
shape_offset  0.000000  0.000000
$EndPAD
$PAD "6"
Shape Rect Layer front
position -2.938000  0.325000  size  0.450000  1.475000  orientation 90.00
drill  0.000000
shape_offset  0.000000  0.000000
$EndPAD
$PAD "7"
Shape Rect Layer front
position -2.938000  0.975000  size  0.450000  1.475000  orientation 90.00
drill  0.000000
shape_offset  0.000000  0.000000
$EndPAD
$PAD "8"
Shape Rect Layer front
position -2.938000  1.625000  size  0.450000  1.475000  orientation 90.00
drill  0.000000
shape_offset  0.000000  0.000000
$EndPAD
$PAD "9"
Shape Rect Layer front
position -2.938000  2.275000  size  0.450000  1.475000  orientation 90.00
drill  0.000000
shape_offset  0.000000  0.000000
$EndPAD
$PAD "10"
Shape Rect Layer front
position -2.938000  2.925000  size  0.450000  1.475000  orientation 90.00
drill  0.000000
shape_offset  0.000000  0.000000
$EndPAD
$PAD "11"
Shape Rect Layer front
position  2.938000  2.925000  size  0.450000  1.475000  orientation 90.00
drill  0.000000
shape_offset  0.000000  0.000000
$EndPAD
$PAD "12"
Shape Rect Layer front
position  2.938000  2.275000  size  0.450000  1.475000  orientation 90.00
drill  0.000000
shape_offset  0.000000  0.000000
$EndPAD
$PAD "13"
Shape Rect Layer front
position  2.938000  1.625000  size  0.450000  1.475000  orientation 90.00
drill  0.000000
shape_offset  0.000000  0.000000
$EndPAD
$PAD "14"
Shape Rect Layer front
position  2.938000  0.975000  size  0.450000  1.475000  orientation 90.00
drill  0.000000
shape_offset  0.000000  0.000000
$EndPAD
$PAD "15"
Shape Rect Layer front
position  2.938000  0.325000  size  0.450000  1.475000  orientation 90.00
drill  0.000000
shape_offset  0.000000  0.000000
$EndPAD
$PAD "16"
Shape Rect Layer front
position  2.938000 -0.325000  size  0.450000  1.475000  orientation 90.00
drill  0.000000
shape_offset  0.000000  0.000000
$EndPAD
$PAD "17"
Shape Rect Layer front
position  2.938000 -0.975000  size  0.450000  1.475000  orientation 90.00
drill  0.000000
shape_offset  0.000000  0.000000
$EndPAD
$PAD "18"
Shape Rect Layer front
position  2.938000 -1.625000  size  0.450000  1.475000  orientation 90.00
drill  0.000000
shape_offset  0.000000  0.000000
$EndPAD
$PAD "19"
Shape Rect Layer front
position  2.938000 -2.275000  size  0.450000  1.475000  orientation 90.00
drill  0.000000
shape_offset  0.000000  0.000000
$EndPAD
$PAD "20"
Shape Rect Layer front
position  2.938000 -2.925000  size  0.450000  1.475000  orientation 90.00
drill  0.000000
shape_offset  0.000000  0.000000
$EndPAD
$EndMODULE  IC4

$MODULE IC5
footprint Package_SO:SOIC-8_3.9x4.9mm_P1.27mm
attribut smd
position 219.992198 103.922600  orientation -90.00
layer front
$PAD "1"
Shape Roundrect Layer front
position -2.475000 -1.905000  size  1.950000  0.600000  orientation 360.00
drill  0.000000
shape_offset  0.000000  0.000000
$EndPAD
$PAD "2"
Shape Roundrect Layer front
position -2.475000 -0.635000  size  1.950000  0.600000  orientation 360.00
drill  0.000000
shape_offset  0.000000  0.000000
$EndPAD
$PAD "3"
Shape Roundrect Layer front
position -2.475000  0.635000  size  1.950000  0.600000  orientation 360.00
drill  0.000000
shape_offset  0.000000  0.000000
$EndPAD
$PAD "4"
Shape Roundrect Layer front
position -2.475000  1.905000  size  1.950000  0.600000  orientation 360.00
drill  0.000000
shape_offset  0.000000  0.000000
$EndPAD
$PAD "5"
Shape Roundrect Layer front
position  2.475000  1.905000  size  1.950000  0.600000  orientation 360.00
drill  0.000000
shape_offset  0.000000  0.000000
$EndPAD
$PAD "6"
Shape Roundrect Layer front
position  2.475000  0.635000  size  1.950000  0.600000  orientation 360.00
drill  0.000000
shape_offset  0.000000  0.000000
$EndPAD
$PAD "7"
Shape Roundrect Layer front
position  2.475000 -0.635000  size  1.950000  0.600000  orientation 360.00
drill  0.000000
shape_offset  0.000000  0.000000
$EndPAD
$PAD "8"
Shape Roundrect Layer front
position  2.475000 -1.905000  size  1.950000  0.600000  orientation 360.00
drill  0.000000
shape_offset  0.000000  0.000000
$EndPAD
$EndMODULE  IC5

$MODULE IC6
footprint Library:SOT230P700X175-4N
attribut smd
position 115.316000 81.788000  orientation 180.00
layer front
$PAD "1"
Shape Rect Layer front
position -3.400000 -2.300000  size  1.000000  1.200000  orientation 90.00
drill  0.000000
shape_offset  0.000000  0.000000
$EndPAD
$PAD "2"
Shape Rect Layer front
position -3.400000  0.000000  size  1.000000  1.200000  orientation 90.00
drill  0.000000
shape_offset  0.000000  0.000000
$EndPAD
$PAD "3"
Shape Rect Layer front
position -3.400000  2.300000  size  1.000000  1.200000  orientation 90.00
drill  0.000000
shape_offset  0.000000  0.000000
$EndPAD
$PAD "4"
Shape Rect Layer front
position  3.400000  0.000000  size  1.200000  3.300000  orientation 0.00
drill  0.000000
shape_offset  0.000000  0.000000
$EndPAD
$EndMODULE  IC6

$MODULE J1
footprint Connector_PinHeader_2.54mm:PinHeader_1x03_P2.54mm_Horizontal
attribut none
position 180.340000 31.750000  orientation 0.00
layer front
$PAD "1"
Shape Rect Layer both
position  0.000000  0.000000  size  1.700000  1.700000  orientation 0.00
drill  1.000000
shape_offset  0.000000  0.000000
$EndPAD
$PAD "2"
Shape Oval Layer both
position  0.000000  2.540000  size  1.700000  1.700000  orientation 0.00
drill  1.000000
shape_offset  0.000000  0.000000
$EndPAD
$PAD "3"
Shape Oval Layer both
position  0.000000  5.080000  size  1.700000  1.700000  orientation 0.00
drill  1.000000
shape_offset  0.000000  0.000000
$EndPAD
$EndMODULE  J1

$MODULE J2
footprint Connector:delphi56
attribut none
position 105.778000 127.376000  orientation 0.00
layer front
$PAD "1"
Shape Circle Layer both
position  7.000000  7.000000  size  1.800000  1.800000  orientation 0.00
drill  1.100000
shape_offset  0.000000  0.000000
$EndPAD
$PAD "2"
Shape Circle Layer both
position 10.300000  7.000000  size  1.800000  1.800000  orientation 0.00
drill  1.100000
shape_offset  0.000000  0.000000
$EndPAD
$PAD "3"
Shape Circle Layer both
position 13.600000  7.000000  size  1.800000  1.800000  orientation 0.00
drill  1.100000
shape_offset  0.000000  0.000000
$EndPAD
$PAD "4"
Shape Circle Layer both
position 16.900000  7.000000  size  1.800000  1.800000  orientation 0.00
drill  1.100000
shape_offset  0.000000  0.000000
$EndPAD
$PAD "5"
Shape Circle Layer both
position 20.200000  7.000000  size  1.800000  1.800000  orientation 0.00
drill  1.100000
shape_offset  0.000000  0.000000
$EndPAD
$PAD "6"
Shape Circle Layer both
position 23.500000  7.000000  size  1.800000  1.800000  orientation 0.00
drill  1.100000
shape_offset  0.000000  0.000000
$EndPAD
$PAD "7"
Shape Circle Layer both
position 26.800000  7.000000  size  1.800000  1.800000  orientation 0.00
drill  1.100000
shape_offset  0.000000  0.000000
$EndPAD
$PAD "8"
Shape Circle Layer both
position 30.100000  7.000000  size  1.800000  1.800000  orientation 0.00
drill  1.100000
shape_offset  0.000000  0.000000
$EndPAD
$PAD "9"
Shape Circle Layer both
position 33.400000  7.000000  size  1.800000  1.800000  orientation 0.00
drill  1.100000
shape_offset  0.000000  0.000000
$EndPAD
$PAD "10"
Shape Circle Layer both
position 36.700000  7.000000  size  1.800000  1.800000  orientation 0.00
drill  1.100000
shape_offset  0.000000  0.000000
$EndPAD
$PAD "11"
Shape Circle Layer both
position 40.000000  7.000000  size  1.800000  1.800000  orientation 0.00
drill  1.100000
shape_offset  0.000000  0.000000
$EndPAD
$PAD "12"
Shape Circle Layer both
position 43.300000  7.000000  size  1.800000  1.800000  orientation 0.00
drill  1.100000
shape_offset  0.000000  0.000000
$EndPAD
$PAD "13"
Shape Circle Layer both
position 46.600000  7.000000  size  1.800000  1.800000  orientation 0.00
drill  1.100000
shape_offset  0.000000  0.000000
$EndPAD
$PAD "14"
Shape Circle Layer both
position 49.900000  7.000000  size  1.800000  1.800000  orientation 0.00
drill  1.100000
shape_offset  0.000000  0.000000
$EndPAD
$PAD "15"
Shape Circle Layer both
position 74.700000  7.000000  size  1.800000  1.800000  orientation 0.00
drill  1.100000
shape_offset  0.000000  0.000000
$EndPAD
$PAD "16"
Shape Circle Layer both
position 78.000000  7.000000  size  1.800000  1.800000  orientation 0.00
drill  1.100000
shape_offset  0.000000  0.000000
$EndPAD
$PAD "17"
Shape Circle Layer both
position 81.300000  7.000000  size  1.800000  1.800000  orientation 0.00
drill  1.100000
shape_offset  0.000000  0.000000
$EndPAD
$PAD "18"
Shape Circle Layer both
position 84.600000  7.000000  size  1.800000  1.800000  orientation 0.00
drill  1.100000
shape_offset  0.000000  0.000000
$EndPAD
$PAD "19"
Shape Circle Layer both
position 87.900000  7.000000  size  1.800000  1.800000  orientation 0.00
drill  1.100000
shape_offset  0.000000  0.000000
$EndPAD
$PAD "20"
Shape Circle Layer both
position 91.200000  7.000000  size  1.800000  1.800000  orientation 0.00
drill  1.100000
shape_offset  0.000000  0.000000
$EndPAD
$PAD "21"
Shape Circle Layer both
position 94.500000  7.000000  size  1.800000  1.800000  orientation 0.00
drill  1.100000
shape_offset  0.000000  0.000000
$EndPAD
$PAD "22"
Shape Circle Layer both
position 97.800000  7.000000  size  1.800000  1.800000  orientation 0.00
drill  1.100000
shape_offset  0.000000  0.000000
$EndPAD
$PAD "23"
Shape Circle Layer both
position 101.100000  7.000000  size  1.800000  1.800000  orientation 0.00
drill  1.100000
shape_offset  0.000000  0.000000
$EndPAD
$PAD "24"
Shape Circle Layer both
position 104.400000  7.000000  size  1.800000  1.800000  orientation 0.00
drill  1.100000
shape_offset  0.000000  0.000000
$EndPAD
$PAD "25"
Shape Circle Layer both
position 107.700000  7.000000  size  1.800000  1.800000  orientation 0.00
drill  1.100000
shape_offset  0.000000  0.000000
$EndPAD
$PAD "26"
Shape Circle Layer both
position 111.000000  7.000000  size  1.800000  1.800000  orientation 0.00
drill  1.100000
shape_offset  0.000000  0.000000
$EndPAD
$PAD "27"
Shape Circle Layer both
position 114.300000  7.000000  size  1.800000  1.800000  orientation 0.00
drill  1.100000
shape_offset  0.000000  0.000000
$EndPAD
$PAD "28"
Shape Circle Layer both
position 117.600000  7.000000  size  1.800000  1.800000  orientation 0.00
drill  1.100000
shape_offset  0.000000  0.000000
$EndPAD
$PAD "29"
Shape Circle Layer both
position  7.000000 11.800000  size  1.800000  1.800000  orientation 0.00
drill  1.100000
shape_offset  0.000000  0.000000
$EndPAD
$PAD "30"
Shape Circle Layer both
position 10.300000 11.800000  size  1.800000  1.800000  orientation 0.00
drill  1.100000
shape_offset  0.000000  0.000000
$EndPAD
$PAD "31"
Shape Circle Layer both
position 13.600000 11.800000  size  1.800000  1.800000  orientation 0.00
drill  1.100000
shape_offset  0.000000  0.000000
$EndPAD
$PAD "32"
Shape Circle Layer both
position 16.900000 11.800000  size  1.800000  1.800000  orientation 0.00
drill  1.100000
shape_offset  0.000000  0.000000
$EndPAD
$PAD "33"
Shape Circle Layer both
position 20.200000 11.800000  size  1.800000  1.800000  orientation 0.00
drill  1.100000
shape_offset  0.000000  0.000000
$EndPAD
$PAD "34"
Shape Circle Layer both
position 23.500000 11.800000  size  1.800000  1.800000  orientation 0.00
drill  1.100000
shape_offset  0.000000  0.000000
$EndPAD
$PAD "35"
Shape Circle Layer both
position 26.800000 11.800000  size  1.800000  1.800000  orientation 0.00
drill  1.100000
shape_offset  0.000000  0.000000
$EndPAD
$PAD "36"
Shape Circle Layer both
position 30.100000 11.800000  size  1.800000  1.800000  orientation 0.00
drill  1.100000
shape_offset  0.000000  0.000000
$EndPAD
$PAD "37"
Shape Circle Layer both
position 33.400000 11.800000  size  1.800000  1.800000  orientation 0.00
drill  1.100000
shape_offset  0.000000  0.000000
$EndPAD
$PAD "38"
Shape Circle Layer both
position 36.700000 11.800000  size  1.800000  1.800000  orientation 0.00
drill  1.100000
shape_offset  0.000000  0.000000
$EndPAD
$PAD "39"
Shape Circle Layer both
position 40.000000 11.800000  size  1.800000  1.800000  orientation 0.00
drill  1.100000
shape_offset  0.000000  0.000000
$EndPAD
$PAD "40"
Shape Circle Layer both
position 43.300000 11.800000  size  1.800000  1.800000  orientation 0.00
drill  1.100000
shape_offset  0.000000  0.000000
$EndPAD
$PAD "41"
Shape Circle Layer both
position 46.600000 11.800000  size  1.800000  1.800000  orientation 0.00
drill  1.100000
shape_offset  0.000000  0.000000
$EndPAD
$PAD "42"
Shape Circle Layer both
position 49.900000 11.800000  size  1.800000  1.800000  orientation 0.00
drill  1.100000
shape_offset  0.000000  0.000000
$EndPAD
$PAD "43"
Shape Circle Layer both
position 74.700000 11.800000  size  1.800000  1.800000  orientation 0.00
drill  1.100000
shape_offset  0.000000  0.000000
$EndPAD
$PAD "44"
Shape Circle Layer both
position 78.000000 11.800000  size  1.800000  1.800000  orientation 0.00
drill  1.100000
shape_offset  0.000000  0.000000
$EndPAD
$PAD "45"
Shape Circle Layer both
position 81.300000 11.800000  size  1.800000  1.800000  orientation 0.00
drill  1.100000
shape_offset  0.000000  0.000000
$EndPAD
$PAD "46"
Shape Circle Layer both
position 84.600000 11.800000  size  1.800000  1.800000  orientation 0.00
drill  1.100000
shape_offset  0.000000  0.000000
$EndPAD
$PAD "47"
Shape Circle Layer both
position 87.900000 11.800000  size  1.800000  1.800000  orientation 0.00
drill  1.100000
shape_offset  0.000000  0.000000
$EndPAD
$PAD "48"
Shape Circle Layer both
position 91.200000 11.800000  size  1.800000  1.800000  orientation 0.00
drill  1.100000
shape_offset  0.000000  0.000000
$EndPAD
$PAD "49"
Shape Circle Layer both
position 94.500000 11.800000  size  1.800000  1.800000  orientation 0.00
drill  1.100000
shape_offset  0.000000  0.000000
$EndPAD
$PAD "50"
Shape Circle Layer both
position 97.800000 11.800000  size  1.800000  1.800000  orientation 0.00
drill  1.100000
shape_offset  0.000000  0.000000
$EndPAD
$PAD "51"
Shape Circle Layer both
position 101.100000 11.800000  size  1.800000  1.800000  orientation 0.00
drill  1.100000
shape_offset  0.000000  0.000000
$EndPAD
$PAD "52"
Shape Circle Layer both
position 104.400000 11.800000  size  1.800000  1.800000  orientation 0.00
drill  1.100000
shape_offset  0.000000  0.000000
$EndPAD
$PAD "53"
Shape Circle Layer both
position 107.700000 11.800000  size  1.800000  1.800000  orientation 0.00
drill  1.100000
shape_offset  0.000000  0.000000
$EndPAD
$PAD "54"
Shape Circle Layer both
position 111.000000 11.800000  size  1.800000  1.800000  orientation 0.00
drill  1.100000
shape_offset  0.000000  0.000000
$EndPAD
$PAD "55"
Shape Circle Layer both
position 114.300000 11.800000  size  1.800000  1.800000  orientation 0.00
drill  1.100000
shape_offset  0.000000  0.000000
$EndPAD
$PAD "56"
Shape Circle Layer both
position 117.600000 11.800000  size  1.800000  1.800000  orientation 0.00
drill  1.100000
shape_offset  0.000000  0.000000
$EndPAD
$PAD "57"
Shape Circle Layer both
position  0.000000 10.800000  size  5.000000  5.000000  orientation 0.00
drill  3.300000
shape_offset  0.000000  0.000000
$EndPAD
$PAD "57"
Shape Circle Layer both
position 124.600000 10.800000  size  5.000000  5.000000  orientation 0.00
drill  3.300000
shape_offset  0.000000  0.000000
$EndPAD
$EndMODULE  J2

$MODULE J3
footprint Connector_PinHeader_2.54mm:PinHeader_1x02_P2.54mm_Vertical
attribut none
position 200.020000 115.570000  orientation 90.00
layer front
$PAD "1"
Shape Rect Layer both
position  0.000000  0.000000  size  1.700000  1.700000  orientation 0.00
drill  1.000000
shape_offset  0.000000  0.000000
$EndPAD
$PAD "2"
Shape Oval Layer both
position  0.000000  2.540000  size  1.700000  1.700000  orientation 0.00
drill  1.000000
shape_offset  0.000000  0.000000
$EndPAD
$EndMODULE  J3

$MODULE J7
footprint Connector_PinHeader_2.54mm:PinHeader_1x02_P2.54mm_Vertical
attribut none
position 205.486000 39.116000  orientation 180.00
layer front
$PAD "1"
Shape Rect Layer both
position  0.000000  0.000000  size  1.700000  1.700000  orientation 0.00
drill  1.000000
shape_offset  0.000000  0.000000
$EndPAD
$PAD "2"
Shape Oval Layer both
position  0.000000  2.540000  size  1.700000  1.700000  orientation 0.00
drill  1.000000
shape_offset  0.000000  0.000000
$EndPAD
$EndMODULE  J7

$MODULE J8
footprint Connector_PinHeader_2.54mm:PinHeader_1x02_P2.54mm_Vertical
attribut none
position 218.793398 115.570000  orientation 90.00
layer front
$PAD "1"
Shape Rect Layer both
position  0.000000  0.000000  size  1.700000  1.700000  orientation 0.00
drill  1.000000
shape_offset  0.000000  0.000000
$EndPAD
$PAD "2"
Shape Oval Layer both
position  0.000000  2.540000  size  1.700000  1.700000  orientation 0.00
drill  1.000000
shape_offset  0.000000  0.000000
$EndPAD
$EndMODULE  J8

$MODULE JP1
footprint Jumper:SolderJumper-2_P1.3mm_Open_Pad1.0x1.5mm
attribut virtual
position 197.791755 110.630174  orientation 180.00
layer front
$PAD "1"
Shape Rect Layer front
position -0.650000  0.000000  size  1.000000  1.500000  orientation 0.00
drill  0.000000
shape_offset  0.000000  0.000000
$EndPAD
$PAD "2"
Shape Rect Layer front
position  0.650000  0.000000  size  1.000000  1.500000  orientation 0.00
drill  0.000000
shape_offset  0.000000  0.000000
$EndPAD
$EndMODULE  JP1

$MODULE JP2
footprint Jumper:SolderJumper-2_P1.3mm_Open_Pad1.0x1.5mm
attribut virtual
position 216.520000 110.998000  orientation 180.00
layer front
$PAD "1"
Shape Rect Layer front
position -0.650000  0.000000  size  1.000000  1.500000  orientation 0.00
drill  0.000000
shape_offset  0.000000  0.000000
$EndPAD
$PAD "2"
Shape Rect Layer front
position  0.650000  0.000000  size  1.000000  1.500000  orientation 0.00
drill  0.000000
shape_offset  0.000000  0.000000
$EndPAD
$EndMODULE  JP2

$MODULE L1
footprint Inductor_SMD:NR6028T220M
attribut smd
position 213.042000 49.022000  orientation 0.00
layer front
$PAD "1"
Shape Rect Layer front
position -2.350000  0.000000  size  1.600000  5.700000  orientation 0.00
drill  0.000000
shape_offset  0.000000  0.000000
$EndPAD
$PAD "2"
Shape Rect Layer front
position  2.350000  0.000000  size  1.600000  5.700000  orientation 0.00
drill  0.000000
shape_offset  0.000000  0.000000
$EndPAD
$EndMODULE  L1

$MODULE R1
footprint Resistor_SMD:R_0805_2012Metric
attribut smd
position 211.414500 39.522400  orientation 180.00
layer front
$PAD "1"
Shape Roundrect Layer front
position -0.912500  0.000000  size  1.025000  1.400000  orientation 0.00
drill  0.000000
shape_offset  0.000000  0.000000
$EndPAD
$PAD "2"
Shape Roundrect Layer front
position  0.912500  0.000000  size  1.025000  1.400000  orientation 0.00
drill  0.000000
shape_offset  0.000000  0.000000
$EndPAD
$EndMODULE  R1

$MODULE R2
footprint Resistor_SMD:R_0805_2012Metric
attribut smd
position 221.373200 49.834800  orientation -90.00
layer front
$PAD "1"
Shape Roundrect Layer front
position -0.912500  0.000000  size  1.025000  1.400000  orientation 360.00
drill  0.000000
shape_offset  0.000000  0.000000
$EndPAD
$PAD "2"
Shape Roundrect Layer front
position  0.912500  0.000000  size  1.025000  1.400000  orientation 360.00
drill  0.000000
shape_offset  0.000000  0.000000
$EndPAD
$EndMODULE  R2

$MODULE R3
footprint Resistor_SMD:R_0805_2012Metric
attribut smd
position 221.424000 61.128000  orientation -90.00
layer front
$PAD "1"
Shape Roundrect Layer front
position -0.912500  0.000000  size  1.025000  1.400000  orientation 360.00
drill  0.000000
shape_offset  0.000000  0.000000
$EndPAD
$PAD "2"
Shape Roundrect Layer front
position  0.912500  0.000000  size  1.025000  1.400000  orientation 360.00
drill  0.000000
shape_offset  0.000000  0.000000
$EndPAD
$EndMODULE  R3

$MODULE R4
footprint Resistor_SMD:R_0805_2012Metric
attribut smd
position 123.138250 96.520000  orientation 180.00
layer front
$PAD "1"
Shape Roundrect Layer front
position -0.912500  0.000000  size  1.025000  1.400000  orientation 0.00
drill  0.000000
shape_offset  0.000000  0.000000
$EndPAD
$PAD "2"
Shape Roundrect Layer front
position  0.912500  0.000000  size  1.025000  1.400000  orientation 0.00
drill  0.000000
shape_offset  0.000000  0.000000
$EndPAD
$EndMODULE  R4

$MODULE R5
footprint Resistor_SMD:R_0805_2012Metric
attribut smd
position 150.765124 35.378780  orientation 180.00
layer front
$PAD "1"
Shape Roundrect Layer front
position -0.912500  0.000000  size  1.025000  1.400000  orientation 0.00
drill  0.000000
shape_offset  0.000000  0.000000
$EndPAD
$PAD "2"
Shape Roundrect Layer front
position  0.912500  0.000000  size  1.025000  1.400000  orientation 0.00
drill  0.000000
shape_offset  0.000000  0.000000
$EndPAD
$EndMODULE  R5

$MODULE R6
footprint Resistor_SMD:R_0805_2012Metric
attribut smd
position 108.307500 67.310000  orientation 0.00
layer front
$PAD "1"
Shape Roundrect Layer front
position -0.912500  0.000000  size  1.025000  1.400000  orientation 0.00
drill  0.000000
shape_offset  0.000000  0.000000
$EndPAD
$PAD "2"
Shape Roundrect Layer front
position  0.912500  0.000000  size  1.025000  1.400000  orientation 0.00
drill  0.000000
shape_offset  0.000000  0.000000
$EndPAD
$EndMODULE  R6

$MODULE R7
footprint Resistor_SMD:R_0805_2012Metric
attribut smd
position 121.666000 67.310000  orientation 180.00
layer front
$PAD "1"
Shape Roundrect Layer front
position -0.912500  0.000000  size  1.025000  1.400000  orientation 0.00
drill  0.000000
shape_offset  0.000000  0.000000
$EndPAD
$PAD "2"
Shape Roundrect Layer front
position  0.912500  0.000000  size  1.025000  1.400000  orientation 0.00
drill  0.000000
shape_offset  0.000000  0.000000
$EndPAD
$EndMODULE  R7

$MODULE R8
footprint Resistor_SMD:R_0805_2012Metric
attribut smd
position 150.775750 38.321652  orientation 180.00
layer front
$PAD "1"
Shape Roundrect Layer front
position -0.912500  0.000000  size  1.025000  1.400000  orientation 0.00
drill  0.000000
shape_offset  0.000000  0.000000
$EndPAD
$PAD "2"
Shape Roundrect Layer front
position  0.912500  0.000000  size  1.025000  1.400000  orientation 0.00
drill  0.000000
shape_offset  0.000000  0.000000
$EndPAD
$EndMODULE  R8

$MODULE R9
footprint Resistor_SMD:R_0805_2012Metric
attribut smd
position 150.806308 41.102465  orientation 180.00
layer front
$PAD "1"
Shape Roundrect Layer front
position -0.912500  0.000000  size  1.025000  1.400000  orientation 0.00
drill  0.000000
shape_offset  0.000000  0.000000
$EndPAD
$PAD "2"
Shape Roundrect Layer front
position  0.912500  0.000000  size  1.025000  1.400000  orientation 0.00
drill  0.000000
shape_offset  0.000000  0.000000
$EndPAD
$EndMODULE  R9

$MODULE R10
footprint Resistor_SMD:R_0805_2012Metric
attribut smd
position 123.129792 110.236000  orientation 180.00
layer front
$PAD "1"
Shape Roundrect Layer front
position -0.912500  0.000000  size  1.025000  1.400000  orientation 0.00
drill  0.000000
shape_offset  0.000000  0.000000
$EndPAD
$PAD "2"
Shape Roundrect Layer front
position  0.912500  0.000000  size  1.025000  1.400000  orientation 0.00
drill  0.000000
shape_offset  0.000000  0.000000
$EndPAD
$EndMODULE  R10

$MODULE R11
footprint Resistor_SMD:R_0805_2012Metric
attribut smd
position 150.759215 43.942000  orientation 180.00
layer front
$PAD "1"
Shape Roundrect Layer front
position -0.912500  0.000000  size  1.025000  1.400000  orientation 0.00
drill  0.000000
shape_offset  0.000000  0.000000
$EndPAD
$PAD "2"
Shape Roundrect Layer front
position  0.912500  0.000000  size  1.025000  1.400000  orientation 0.00
drill  0.000000
shape_offset  0.000000  0.000000
$EndPAD
$EndMODULE  R11

$MODULE R12
footprint Resistor_SMD:R_0805_2012Metric
attribut smd
position 204.216000 110.632000  orientation 180.00
layer front
$PAD "1"
Shape Roundrect Layer front
position -0.912500  0.000000  size  1.025000  1.400000  orientation 0.00
drill  0.000000
shape_offset  0.000000  0.000000
$EndPAD
$PAD "2"
Shape Roundrect Layer front
position  0.912500  0.000000  size  1.025000  1.400000  orientation 0.00
drill  0.000000
shape_offset  0.000000  0.000000
$EndPAD
$EndMODULE  R12

$MODULE R13
footprint Resistor_SMD:R_0805_2012Metric
attribut smd
position 223.266000 110.998000  orientation 180.00
layer front
$PAD "1"
Shape Roundrect Layer front
position -0.912500  0.000000  size  1.025000  1.400000  orientation 0.00
drill  0.000000
shape_offset  0.000000  0.000000
$EndPAD
$PAD "2"
Shape Roundrect Layer front
position  0.912500  0.000000  size  1.025000  1.400000  orientation 0.00
drill  0.000000
shape_offset  0.000000  0.000000
$EndPAD
$EndMODULE  R13

$MODULE R14
footprint Resistor_SMD:R_0805_2012Metric
attribut smd
position 146.181142 113.334800  orientation 0.00
layer front
$PAD "1"
Shape Roundrect Layer front
position -0.912500  0.000000  size  1.025000  1.400000  orientation 0.00
drill  0.000000
shape_offset  0.000000  0.000000
$EndPAD
$PAD "2"
Shape Roundrect Layer front
position  0.912500  0.000000  size  1.025000  1.400000  orientation 0.00
drill  0.000000
shape_offset  0.000000  0.000000
$EndPAD
$EndMODULE  R14

$MODULE R15
footprint Resistor_SMD:R_0805_2012Metric
attribut smd
position 150.876000 32.258000  orientation 180.00
layer front
$PAD "1"
Shape Roundrect Layer front
position -0.912500  0.000000  size  1.025000  1.400000  orientation 0.00
drill  0.000000
shape_offset  0.000000  0.000000
$EndPAD
$PAD "2"
Shape Roundrect Layer front
position  0.912500  0.000000  size  1.025000  1.400000  orientation 0.00
drill  0.000000
shape_offset  0.000000  0.000000
$EndPAD
$EndMODULE  R15

$MODULE R16
footprint Resistor_SMD:R_0805_2012Metric
attribut smd
position 132.822642 112.706393  orientation 0.00
layer front
$PAD "1"
Shape Roundrect Layer front
position -0.912500  0.000000  size  1.025000  1.400000  orientation 0.00
drill  0.000000
shape_offset  0.000000  0.000000
$EndPAD
$PAD "2"
Shape Roundrect Layer front
position  0.912500  0.000000  size  1.025000  1.400000  orientation 0.00
drill  0.000000
shape_offset  0.000000  0.000000
$EndPAD
$EndMODULE  R16

$MODULE R17
footprint Resistor_SMD:R_0805_2012Metric
attribut smd
position 122.682000 114.554000  orientation 180.00
layer front
$PAD "1"
Shape Roundrect Layer front
position -0.912500  0.000000  size  1.025000  1.400000  orientation 0.00
drill  0.000000
shape_offset  0.000000  0.000000
$EndPAD
$PAD "2"
Shape Roundrect Layer front
position  0.912500  0.000000  size  1.025000  1.400000  orientation 0.00
drill  0.000000
shape_offset  0.000000  0.000000
$EndPAD
$EndMODULE  R17

$MODULE R18
footprint Resistor_SMD:R_0805_2012Metric
attribut smd
position 108.655250 100.320000  orientation 0.00
layer front
$PAD "1"
Shape Roundrect Layer front
position -0.912500  0.000000  size  1.025000  1.400000  orientation 0.00
drill  0.000000
shape_offset  0.000000  0.000000
$EndPAD
$PAD "2"
Shape Roundrect Layer front
position  0.912500  0.000000  size  1.025000  1.400000  orientation 0.00
drill  0.000000
shape_offset  0.000000  0.000000
$EndPAD
$EndMODULE  R18

$MODULE R19
footprint Resistor_SMD:R_0805_2012Metric
attribut smd
position 132.543130 96.226878  orientation 0.00
layer front
$PAD "1"
Shape Roundrect Layer front
position -0.912500  0.000000  size  1.025000  1.400000  orientation 0.00
drill  0.000000
shape_offset  0.000000  0.000000
$EndPAD
$PAD "2"
Shape Roundrect Layer front
position  0.912500  0.000000  size  1.025000  1.400000  orientation 0.00
drill  0.000000
shape_offset  0.000000  0.000000
$EndPAD
$EndMODULE  R19

$MODULE R20
footprint Resistor_SMD:R_0805_2012Metric
attribut smd
position 150.755927 46.840365  orientation 180.00
layer front
$PAD "1"
Shape Roundrect Layer front
position -0.912500  0.000000  size  1.025000  1.400000  orientation 0.00
drill  0.000000
shape_offset  0.000000  0.000000
$EndPAD
$PAD "2"
Shape Roundrect Layer front
position  0.912500  0.000000  size  1.025000  1.400000  orientation 0.00
drill  0.000000
shape_offset  0.000000  0.000000
$EndPAD
$EndMODULE  R20

$MODULE R21
footprint Resistor_SMD:R_0805_2012Metric
attribut smd
position 147.071000 96.276000  orientation 180.00
layer front
$PAD "1"
Shape Roundrect Layer front
position -0.912500  0.000000  size  1.025000  1.400000  orientation 0.00
drill  0.000000
shape_offset  0.000000  0.000000
$EndPAD
$PAD "2"
Shape Roundrect Layer front
position  0.912500  0.000000  size  1.025000  1.400000  orientation 0.00
drill  0.000000
shape_offset  0.000000  0.000000
$EndPAD
$EndMODULE  R21

$MODULE R22
footprint Resistor_SMD:R_0805_2012Metric
attribut smd
position 145.946500 67.056000  orientation 180.00
layer front
$PAD "1"
Shape Roundrect Layer front
position -0.912500  0.000000  size  1.025000  1.400000  orientation 0.00
drill  0.000000
shape_offset  0.000000  0.000000
$EndPAD
$PAD "2"
Shape Roundrect Layer front
position  0.912500  0.000000  size  1.025000  1.400000  orientation 0.00
drill  0.000000
shape_offset  0.000000  0.000000
$EndPAD
$EndMODULE  R22

$MODULE R23
footprint Resistor_SMD:R_0805_2012Metric
attribut smd
position 150.724869 49.893217  orientation 180.00
layer front
$PAD "1"
Shape Roundrect Layer front
position -0.912500  0.000000  size  1.025000  1.400000  orientation 0.00
drill  0.000000
shape_offset  0.000000  0.000000
$EndPAD
$PAD "2"
Shape Roundrect Layer front
position  0.912500  0.000000  size  1.025000  1.400000  orientation 0.00
drill  0.000000
shape_offset  0.000000  0.000000
$EndPAD
$EndMODULE  R23

$MODULE REF**
footprint Symbol:OSHW-Logo_11.4x12mm_SilkScreen
attribut virtual
position 193.014600 63.042800  orientation 0.00
layer front
$EndMODULE  REF**

$MODULE U1
footprint Module:RPi_Pico_SMD_TH
attribut none
position 169.316400 67.462400  orientation 0.00
layer front
$PAD ""
Shape Oval Layer both
position -2.725000 -24.000000  size  1.800000  1.800000  orientation 0.00
drill  1.800000
shape_offset  0.000000  0.000000
$EndPAD
$PAD ""
Shape Oval Layer both
position -2.425000 -20.970000  size  1.500000  1.500000  orientation 0.00
drill  1.500000
shape_offset  0.000000  0.000000
$EndPAD
$PAD ""
Shape Oval Layer both
position  2.425000 -20.970000  size  1.500000  1.500000  orientation 0.00
drill  1.500000
shape_offset  0.000000  0.000000
$EndPAD
$PAD ""
Shape Oval Layer both
position  2.725000 -24.000000  size  1.800000  1.800000  orientation 0.00
drill  1.800000
shape_offset  0.000000  0.000000
$EndPAD
$PAD "1"
Shape Oval Layer both
position -8.890000 -24.130000  size  1.700000  1.700000  orientation 0.00
drill  1.020000
shape_offset  0.000000  0.000000
$EndPAD
$PAD "1"
Shape Rect Layer front
position -8.890000 -24.130000  size  3.500000  1.700000  orientation 0.00
drill  0.000000
shape_offset -0.900000  0.000000
$EndPAD
$PAD "2"
Shape Oval Layer both
position -8.890000 -21.590000  size  1.700000  1.700000  orientation 0.00
drill  1.020000
shape_offset  0.000000  0.000000
$EndPAD
$PAD "2"
Shape Rect Layer front
position -8.890000 -21.590000  size  3.500000  1.700000  orientation 0.00
drill  0.000000
shape_offset -0.900000  0.000000
$EndPAD
$PAD "3"
Shape Rect Layer both
position -8.890000 -19.050000  size  1.700000  1.700000  orientation 0.00
drill  1.020000
shape_offset  0.000000  0.000000
$EndPAD
$PAD "3"
Shape Rect Layer front
position -8.890000 -19.050000  size  3.500000  1.700000  orientation 0.00
drill  0.000000
shape_offset -0.900000  0.000000
$EndPAD
$PAD "4"
Shape Oval Layer both
position -8.890000 -16.510000  size  1.700000  1.700000  orientation 0.00
drill  1.020000
shape_offset  0.000000  0.000000
$EndPAD
$PAD "4"
Shape Rect Layer front
position -8.890000 -16.510000  size  3.500000  1.700000  orientation 0.00
drill  0.000000
shape_offset -0.900000  0.000000
$EndPAD
$PAD "5"
Shape Oval Layer both
position -8.890000 -13.970000  size  1.700000  1.700000  orientation 0.00
drill  1.020000
shape_offset  0.000000  0.000000
$EndPAD
$PAD "5"
Shape Rect Layer front
position -8.890000 -13.970000  size  3.500000  1.700000  orientation 0.00
drill  0.000000
shape_offset -0.900000  0.000000
$EndPAD
$PAD "6"
Shape Oval Layer both
position -8.890000 -11.430000  size  1.700000  1.700000  orientation 0.00
drill  1.020000
shape_offset  0.000000  0.000000
$EndPAD
$PAD "6"
Shape Rect Layer front
position -8.890000 -11.430000  size  3.500000  1.700000  orientation 0.00
drill  0.000000
shape_offset -0.900000  0.000000
$EndPAD
$PAD "7"
Shape Oval Layer both
position -8.890000 -8.890000  size  1.700000  1.700000  orientation 0.00
drill  1.020000
shape_offset  0.000000  0.000000
$EndPAD
$PAD "7"
Shape Rect Layer front
position -8.890000 -8.890000  size  3.500000  1.700000  orientation 0.00
drill  0.000000
shape_offset -0.900000  0.000000
$EndPAD
$PAD "8"
Shape Rect Layer both
position -8.890000 -6.350000  size  1.700000  1.700000  orientation 0.00
drill  1.020000
shape_offset  0.000000  0.000000
$EndPAD
$PAD "8"
Shape Rect Layer front
position -8.890000 -6.350000  size  3.500000  1.700000  orientation 0.00
drill  0.000000
shape_offset -0.900000  0.000000
$EndPAD
$PAD "9"
Shape Oval Layer both
position -8.890000 -3.810000  size  1.700000  1.700000  orientation 0.00
drill  1.020000
shape_offset  0.000000  0.000000
$EndPAD
$PAD "9"
Shape Rect Layer front
position -8.890000 -3.810000  size  3.500000  1.700000  orientation 0.00
drill  0.000000
shape_offset -0.900000  0.000000
$EndPAD
$PAD "10"
Shape Oval Layer both
position -8.890000 -1.270000  size  1.700000  1.700000  orientation 0.00
drill  1.020000
shape_offset  0.000000  0.000000
$EndPAD
$PAD "10"
Shape Rect Layer front
position -8.890000 -1.270000  size  3.500000  1.700000  orientation 0.00
drill  0.000000
shape_offset -0.900000  0.000000
$EndPAD
$PAD "11"
Shape Oval Layer both
position -8.890000  1.270000  size  1.700000  1.700000  orientation 0.00
drill  1.020000
shape_offset  0.000000  0.000000
$EndPAD
$PAD "11"
Shape Rect Layer front
position -8.890000  1.270000  size  3.500000  1.700000  orientation 0.00
drill  0.000000
shape_offset -0.900000  0.000000
$EndPAD
$PAD "12"
Shape Oval Layer both
position -8.890000  3.810000  size  1.700000  1.700000  orientation 0.00
drill  1.020000
shape_offset  0.000000  0.000000
$EndPAD
$PAD "12"
Shape Rect Layer front
position -8.890000  3.810000  size  3.500000  1.700000  orientation 0.00
drill  0.000000
shape_offset -0.900000  0.000000
$EndPAD
$PAD "13"
Shape Rect Layer both
position -8.890000  6.350000  size  1.700000  1.700000  orientation 0.00
drill  1.020000
shape_offset  0.000000  0.000000
$EndPAD
$PAD "13"
Shape Rect Layer front
position -8.890000  6.350000  size  3.500000  1.700000  orientation 0.00
drill  0.000000
shape_offset -0.900000  0.000000
$EndPAD
$PAD "14"
Shape Oval Layer both
position -8.890000  8.890000  size  1.700000  1.700000  orientation 0.00
drill  1.020000
shape_offset  0.000000  0.000000
$EndPAD
$PAD "14"
Shape Rect Layer front
position -8.890000  8.890000  size  3.500000  1.700000  orientation 0.00
drill  0.000000
shape_offset -0.900000  0.000000
$EndPAD
$PAD "15"
Shape Oval Layer both
position -8.890000 11.430000  size  1.700000  1.700000  orientation 0.00
drill  1.020000
shape_offset  0.000000  0.000000
$EndPAD
$PAD "15"
Shape Rect Layer front
position -8.890000 11.430000  size  3.500000  1.700000  orientation 0.00
drill  0.000000
shape_offset -0.900000  0.000000
$EndPAD
$PAD "16"
Shape Oval Layer both
position -8.890000 13.970000  size  1.700000  1.700000  orientation 0.00
drill  1.020000
shape_offset  0.000000  0.000000
$EndPAD
$PAD "16"
Shape Rect Layer front
position -8.890000 13.970000  size  3.500000  1.700000  orientation 0.00
drill  0.000000
shape_offset -0.900000  0.000000
$EndPAD
$PAD "17"
Shape Oval Layer both
position -8.890000 16.510000  size  1.700000  1.700000  orientation 0.00
drill  1.020000
shape_offset  0.000000  0.000000
$EndPAD
$PAD "17"
Shape Rect Layer front
position -8.890000 16.510000  size  3.500000  1.700000  orientation 0.00
drill  0.000000
shape_offset -0.900000  0.000000
$EndPAD
$PAD "18"
Shape Rect Layer both
position -8.890000 19.050000  size  1.700000  1.700000  orientation 0.00
drill  1.020000
shape_offset  0.000000  0.000000
$EndPAD
$PAD "18"
Shape Rect Layer front
position -8.890000 19.050000  size  3.500000  1.700000  orientation 0.00
drill  0.000000
shape_offset -0.900000  0.000000
$EndPAD
$PAD "19"
Shape Oval Layer both
position -8.890000 21.590000  size  1.700000  1.700000  orientation 0.00
drill  1.020000
shape_offset  0.000000  0.000000
$EndPAD
$PAD "19"
Shape Rect Layer front
position -8.890000 21.590000  size  3.500000  1.700000  orientation 0.00
drill  0.000000
shape_offset -0.900000  0.000000
$EndPAD
$PAD "20"
Shape Oval Layer both
position -8.890000 24.130000  size  1.700000  1.700000  orientation 0.00
drill  1.020000
shape_offset  0.000000  0.000000
$EndPAD
$PAD "20"
Shape Rect Layer front
position -8.890000 24.130000  size  3.500000  1.700000  orientation 0.00
drill  0.000000
shape_offset -0.900000  0.000000
$EndPAD
$PAD "21"
Shape Oval Layer both
position  8.890000 24.130000  size  1.700000  1.700000  orientation 0.00
drill  1.020000
shape_offset  0.000000  0.000000
$EndPAD
$PAD "21"
Shape Rect Layer front
position  8.890000 24.130000  size  3.500000  1.700000  orientation 0.00
drill  0.000000
shape_offset  0.900000  0.000000
$EndPAD
$PAD "22"
Shape Oval Layer both
position  8.890000 21.590000  size  1.700000  1.700000  orientation 0.00
drill  1.020000
shape_offset  0.000000  0.000000
$EndPAD
$PAD "22"
Shape Rect Layer front
position  8.890000 21.590000  size  3.500000  1.700000  orientation 0.00
drill  0.000000
shape_offset  0.900000  0.000000
$EndPAD
$PAD "23"
Shape Rect Layer both
position  8.890000 19.050000  size  1.700000  1.700000  orientation 0.00
drill  1.020000
shape_offset  0.000000  0.000000
$EndPAD
$PAD "23"
Shape Rect Layer front
position  8.890000 19.050000  size  3.500000  1.700000  orientation 0.00
drill  0.000000
shape_offset  0.900000  0.000000
$EndPAD
$PAD "24"
Shape Oval Layer both
position  8.890000 16.510000  size  1.700000  1.700000  orientation 0.00
drill  1.020000
shape_offset  0.000000  0.000000
$EndPAD
$PAD "24"
Shape Rect Layer front
position  8.890000 16.510000  size  3.500000  1.700000  orientation 0.00
drill  0.000000
shape_offset  0.900000  0.000000
$EndPAD
$PAD "25"
Shape Oval Layer both
position  8.890000 13.970000  size  1.700000  1.700000  orientation 0.00
drill  1.020000
shape_offset  0.000000  0.000000
$EndPAD
$PAD "25"
Shape Rect Layer front
position  8.890000 13.970000  size  3.500000  1.700000  orientation 0.00
drill  0.000000
shape_offset  0.900000  0.000000
$EndPAD
$PAD "26"
Shape Oval Layer both
position  8.890000 11.430000  size  1.700000  1.700000  orientation 0.00
drill  1.020000
shape_offset  0.000000  0.000000
$EndPAD
$PAD "26"
Shape Rect Layer front
position  8.890000 11.430000  size  3.500000  1.700000  orientation 0.00
drill  0.000000
shape_offset  0.900000  0.000000
$EndPAD
$PAD "27"
Shape Oval Layer both
position  8.890000  8.890000  size  1.700000  1.700000  orientation 0.00
drill  1.020000
shape_offset  0.000000  0.000000
$EndPAD
$PAD "27"
Shape Rect Layer front
position  8.890000  8.890000  size  3.500000  1.700000  orientation 0.00
drill  0.000000
shape_offset  0.900000  0.000000
$EndPAD
$PAD "28"
Shape Rect Layer both
position  8.890000  6.350000  size  1.700000  1.700000  orientation 0.00
drill  1.020000
shape_offset  0.000000  0.000000
$EndPAD
$PAD "28"
Shape Rect Layer front
position  8.890000  6.350000  size  3.500000  1.700000  orientation 0.00
drill  0.000000
shape_offset  0.900000  0.000000
$EndPAD
$PAD "29"
Shape Oval Layer both
position  8.890000  3.810000  size  1.700000  1.700000  orientation 0.00
drill  1.020000
shape_offset  0.000000  0.000000
$EndPAD
$PAD "29"
Shape Rect Layer front
position  8.890000  3.810000  size  3.500000  1.700000  orientation 0.00
drill  0.000000
shape_offset  0.900000  0.000000
$EndPAD
$PAD "30"
Shape Oval Layer both
position  8.890000  1.270000  size  1.700000  1.700000  orientation 0.00
drill  1.020000
shape_offset  0.000000  0.000000
$EndPAD
$PAD "30"
Shape Rect Layer front
position  8.890000  1.270000  size  3.500000  1.700000  orientation 0.00
drill  0.000000
shape_offset  0.900000  0.000000
$EndPAD
$PAD "31"
Shape Oval Layer both
position  8.890000 -1.270000  size  1.700000  1.700000  orientation 0.00
drill  1.020000
shape_offset  0.000000  0.000000
$EndPAD
$PAD "31"
Shape Rect Layer front
position  8.890000 -1.270000  size  3.500000  1.700000  orientation 0.00
drill  0.000000
shape_offset  0.900000  0.000000
$EndPAD
$PAD "32"
Shape Oval Layer both
position  8.890000 -3.810000  size  1.700000  1.700000  orientation 0.00
drill  1.020000
shape_offset  0.000000  0.000000
$EndPAD
$PAD "32"
Shape Rect Layer front
position  8.890000 -3.810000  size  3.500000  1.700000  orientation 0.00
drill  0.000000
shape_offset  0.900000  0.000000
$EndPAD
$PAD "33"
Shape Rect Layer both
position  8.890000 -6.350000  size  1.700000  1.700000  orientation 0.00
drill  1.020000
shape_offset  0.000000  0.000000
$EndPAD
$PAD "33"
Shape Rect Layer front
position  8.890000 -6.350000  size  3.500000  1.700000  orientation 0.00
drill  0.000000
shape_offset  0.900000  0.000000
$EndPAD
$PAD "34"
Shape Oval Layer both
position  8.890000 -8.890000  size  1.700000  1.700000  orientation 0.00
drill  1.020000
shape_offset  0.000000  0.000000
$EndPAD
$PAD "34"
Shape Rect Layer front
position  8.890000 -8.890000  size  3.500000  1.700000  orientation 0.00
drill  0.000000
shape_offset  0.900000  0.000000
$EndPAD
$PAD "35"
Shape Oval Layer both
position  8.890000 -11.430000  size  1.700000  1.700000  orientation 0.00
drill  1.020000
shape_offset  0.000000  0.000000
$EndPAD
$PAD "35"
Shape Rect Layer front
position  8.890000 -11.430000  size  3.500000  1.700000  orientation 0.00
drill  0.000000
shape_offset  0.900000  0.000000
$EndPAD
$PAD "36"
Shape Oval Layer both
position  8.890000 -13.970000  size  1.700000  1.700000  orientation 0.00
drill  1.020000
shape_offset  0.000000  0.000000
$EndPAD
$PAD "36"
Shape Rect Layer front
position  8.890000 -13.970000  size  3.500000  1.700000  orientation 0.00
drill  0.000000
shape_offset  0.900000  0.000000
$EndPAD
$PAD "37"
Shape Oval Layer both
position  8.890000 -16.510000  size  1.700000  1.700000  orientation 0.00
drill  1.020000
shape_offset  0.000000  0.000000
$EndPAD
$PAD "37"
Shape Rect Layer front
position  8.890000 -16.510000  size  3.500000  1.700000  orientation 0.00
drill  0.000000
shape_offset  0.900000  0.000000
$EndPAD
$PAD "38"
Shape Rect Layer both
position  8.890000 -19.050000  size  1.700000  1.700000  orientation 0.00
drill  1.020000
shape_offset  0.000000  0.000000
$EndPAD
$PAD "38"
Shape Rect Layer front
position  8.890000 -19.050000  size  3.500000  1.700000  orientation 0.00
drill  0.000000
shape_offset  0.900000  0.000000
$EndPAD
$PAD "39"
Shape Oval Layer both
position  8.890000 -21.590000  size  1.700000  1.700000  orientation 0.00
drill  1.020000
shape_offset  0.000000  0.000000
$EndPAD
$PAD "39"
Shape Rect Layer front
position  8.890000 -21.590000  size  3.500000  1.700000  orientation 0.00
drill  0.000000
shape_offset  0.900000  0.000000
$EndPAD
$PAD "40"
Shape Oval Layer both
position  8.890000 -24.130000  size  1.700000  1.700000  orientation 0.00
drill  1.020000
shape_offset  0.000000  0.000000
$EndPAD
$PAD "40"
Shape Rect Layer front
position  8.890000 -24.130000  size  3.500000  1.700000  orientation 0.00
drill  0.000000
shape_offset  0.900000  0.000000
$EndPAD
$PAD "41"
Shape Oval Layer both
position -2.540000 23.900000  size  1.700000  1.700000  orientation 0.00
drill  1.020000
shape_offset  0.000000  0.000000
$EndPAD
$PAD "41"
Shape Rect Layer front
position -2.540000 23.900000  size  3.500000  1.700000  orientation 90.00
drill  0.000000
shape_offset -0.900000  0.000000
$EndPAD
$PAD "42"
Shape Rect Layer both
position  0.000000 23.900000  size  1.700000  1.700000  orientation 0.00
drill  1.020000
shape_offset  0.000000  0.000000
$EndPAD
$PAD "42"
Shape Rect Layer front
position  0.000000 23.900000  size  3.500000  1.700000  orientation 90.00
drill  0.000000
shape_offset -0.900000  0.000000
$EndPAD
$PAD "43"
Shape Oval Layer both
position  2.540000 23.900000  size  1.700000  1.700000  orientation 0.00
drill  1.020000
shape_offset  0.000000  0.000000
$EndPAD
$PAD "43"
Shape Rect Layer front
position  2.540000 23.900000  size  3.500000  1.700000  orientation 90.00
drill  0.000000
shape_offset -0.900000  0.000000
$EndPAD
$EndMODULE  U1

$MODULE U2
footprint Package_DIP:DIP-4_W7.62mm
attribut none
position 114.751250 100.320000  orientation 90.00
layer front
$PAD "1"
Shape Rect Layer both
position  0.000000  0.000000  size  1.600000  1.600000  orientation 0.00
drill  0.800000
shape_offset  0.000000  0.000000
$EndPAD
$PAD "2"
Shape Oval Layer both
position  0.000000  2.540000  size  1.600000  1.600000  orientation 0.00
drill  0.800000
shape_offset  0.000000  0.000000
$EndPAD
$PAD "3"
Shape Oval Layer both
position  7.620000  2.540000  size  1.600000  1.600000  orientation 0.00
drill  0.800000
shape_offset  0.000000  0.000000
$EndPAD
$PAD "4"
Shape Oval Layer both
position  7.620000  0.000000  size  1.600000  1.600000  orientation 0.00
drill  0.800000
shape_offset  0.000000  0.000000
$EndPAD
$EndMODULE  U2

$MODULE U3
footprint Package_DIP:DIP-4_W7.62mm
attribut none
position 114.300000 116.586000  orientation 90.00
layer front
$PAD "1"
Shape Rect Layer both
position  0.000000  0.000000  size  1.600000  1.600000  orientation 0.00
drill  0.800000
shape_offset  0.000000  0.000000
$EndPAD
$PAD "2"
Shape Oval Layer both
position  0.000000  2.540000  size  1.600000  1.600000  orientation 0.00
drill  0.800000
shape_offset  0.000000  0.000000
$EndPAD
$PAD "3"
Shape Oval Layer both
position  7.620000  2.540000  size  1.600000  1.600000  orientation 0.00
drill  0.800000
shape_offset  0.000000  0.000000
$EndPAD
$PAD "4"
Shape Oval Layer both
position  7.620000  0.000000  size  1.600000  1.600000  orientation 0.00
drill  0.800000
shape_offset  0.000000  0.000000
$EndPAD
$EndMODULE  U3

$MODULE U4
footprint Package_DIP:DIP-4_W7.62mm
attribut none
position 113.787000 71.110000  orientation 90.00
layer front
$PAD "1"
Shape Rect Layer both
position  0.000000  0.000000  size  1.600000  1.600000  orientation 0.00
drill  0.800000
shape_offset  0.000000  0.000000
$EndPAD
$PAD "2"
Shape Oval Layer both
position  0.000000  2.540000  size  1.600000  1.600000  orientation 0.00
drill  0.800000
shape_offset  0.000000  0.000000
$EndPAD
$PAD "3"
Shape Oval Layer both
position  7.620000  2.540000  size  1.600000  1.600000  orientation 0.00
drill  0.800000
shape_offset  0.000000  0.000000
$EndPAD
$PAD "4"
Shape Oval Layer both
position  7.620000  0.000000  size  1.600000  1.600000  orientation 0.00
drill  0.800000
shape_offset  0.000000  0.000000
$EndPAD
$EndMODULE  U4

$MODULE U5
footprint Package_DIP:DIP-4_W7.62mm
attribut none
position 137.897642 115.998393  orientation 90.00
layer front
$PAD "1"
Shape Rect Layer both
position  0.000000  0.000000  size  1.600000  1.600000  orientation 0.00
drill  0.800000
shape_offset  0.000000  0.000000
$EndPAD
$PAD "2"
Shape Oval Layer both
position  0.000000  2.540000  size  1.600000  1.600000  orientation 0.00
drill  0.800000
shape_offset  0.000000  0.000000
$EndPAD
$PAD "3"
Shape Oval Layer both
position  7.620000  2.540000  size  1.600000  1.600000  orientation 0.00
drill  0.800000
shape_offset  0.000000  0.000000
$EndPAD
$PAD "4"
Shape Oval Layer both
position  7.620000  0.000000  size  1.600000  1.600000  orientation 0.00
drill  0.800000
shape_offset  0.000000  0.000000
$EndPAD
$EndMODULE  U5

$MODULE U6
footprint Package_DIP:DIP-4_W7.62mm
attribut none
position 137.922000 100.076000  orientation 90.00
layer front
$PAD "1"
Shape Rect Layer both
position  0.000000  0.000000  size  1.600000  1.600000  orientation 0.00
drill  0.800000
shape_offset  0.000000  0.000000
$EndPAD
$PAD "2"
Shape Oval Layer both
position  0.000000  2.540000  size  1.600000  1.600000  orientation 0.00
drill  0.800000
shape_offset  0.000000  0.000000
$EndPAD
$PAD "3"
Shape Oval Layer both
position  7.620000  2.540000  size  1.600000  1.600000  orientation 0.00
drill  0.800000
shape_offset  0.000000  0.000000
$EndPAD
$PAD "4"
Shape Oval Layer both
position  7.620000  0.000000  size  1.600000  1.600000  orientation 0.00
drill  0.800000
shape_offset  0.000000  0.000000
$EndPAD
$EndMODULE  U6

$MODULE U7
footprint Package_DIP:DIP-4_W7.62mm
attribut none
position 137.922000 70.866000  orientation 90.00
layer front
$PAD "1"
Shape Rect Layer both
position  0.000000  0.000000  size  1.600000  1.600000  orientation 0.00
drill  0.800000
shape_offset  0.000000  0.000000
$EndPAD
$PAD "2"
Shape Oval Layer both
position  0.000000  2.540000  size  1.600000  1.600000  orientation 0.00
drill  0.800000
shape_offset  0.000000  0.000000
$EndPAD
$PAD "3"
Shape Oval Layer both
position  7.620000  2.540000  size  1.600000  1.600000  orientation 0.00
drill  0.800000
shape_offset  0.000000  0.000000
$EndPAD
$PAD "4"
Shape Oval Layer both
position  7.620000  0.000000  size  1.600000  1.600000  orientation 0.00
drill  0.800000
shape_offset  0.000000  0.000000
$EndPAD
$EndMODULE  U7

$EndDESCRIPTION
